ERROR - 2023-10-09 01:07:42 --> mysqli_sql_exception: You have an error in your SQL syntax; check the manual that corresponds to your MariaDB server version for the right syntax to use near '[$ultimaCategoria]' at line 3 in C:\Users\Mauricio Hernández\OneDrive\Escritorio\TBD\blog02\system\Database\MySQLi\Connection.php:306
Stack trace:
#0 C:\Users\Mauricio Hernández\OneDrive\Escritorio\TBD\blog02\system\Database\MySQLi\Connection.php(306): mysqli->query('select p.title,...', 0)
#1 C:\Users\Mauricio Hernández\OneDrive\Escritorio\TBD\blog02\system\Database\BaseConnection.php(692): CodeIgniter\Database\MySQLi\Connection->execute('select p.title,...')
#2 C:\Users\Mauricio Hernández\OneDrive\Escritorio\TBD\blog02\system\Database\BaseConnection.php(606): CodeIgniter\Database\BaseConnection->simpleQuery('select p.title,...')
#3 C:\Users\Mauricio Hernández\OneDrive\Escritorio\TBD\blog02\app\Controllers\PostController.php(53): CodeIgniter\Database\BaseConnection->query('select p.title,...')
#4 C:\Users\Mauricio Hernández\OneDrive\Escritorio\TBD\blog02\system\CodeIgniter.php(919): App\Controllers\PostController->ejercicio02()
#5 C:\Users\Mauricio Hernández\OneDrive\Escritorio\TBD\blog02\system\CodeIgniter.php(494): CodeIgniter\CodeIgniter->runController(Object(App\Controllers\PostController))
#6 C:\Users\Mauricio Hernández\OneDrive\Escritorio\TBD\blog02\system\CodeIgniter.php(353): CodeIgniter\CodeIgniter->handleRequest(NULL, Object(Config\Cache), false)
#7 C:\Users\Mauricio Hernández\OneDrive\Escritorio\TBD\blog02\public\index.php(79): CodeIgniter\CodeIgniter->run()
#8 C:\Users\Mauricio Hernández\OneDrive\Escritorio\TBD\blog02\system\Commands\Server\rewrite.php(47): require_once('C:\\Users\\Mauric...')
#9 {main}
CRITICAL - 2023-10-09 01:07:42 --> You have an error in your SQL syntax; check the manual that corresponds to your MariaDB server version for the right syntax to use near '[$ultimaCategoria]' at line 3
in SYSTEMPATH\Database\BaseConnection.php on line 646.
 1 APPPATH\Controllers\PostController.php(53): CodeIgniter\Database\BaseConnection->query('select p.title, concat(u.name, " ", u.lastname) from posts as p
join userinfo as u on u.id=p.autor
where p.category= [$ultimaCategoria]')
 2 SYSTEMPATH\CodeIgniter.php(919): App\Controllers\PostController->ejercicio02()
 3 SYSTEMPATH\CodeIgniter.php(494): CodeIgniter\CodeIgniter->runController(Object(App\Controllers\PostController))
 4 SYSTEMPATH\CodeIgniter.php(353): CodeIgniter\CodeIgniter->handleRequest(null, Object(Config\Cache), false)
 5 FCPATH\index.php(79): CodeIgniter\CodeIgniter->run()
 6 SYSTEMPATH\Commands\Server\rewrite.php(47): require_once('C:\\Users\\Mauricio Hernández\\OneDrive\\Escritorio\\TBD\\blog02\\public\\index.php')
ERROR - 2023-10-09 01:34:58 --> mysqli_sql_exception: Unknown column 'u.username' in 'field list' in C:\Users\Mauricio Hernández\OneDrive\Escritorio\TBD\blog02\system\Database\MySQLi\Connection.php:306
Stack trace:
#0 C:\Users\Mauricio Hernández\OneDrive\Escritorio\TBD\blog02\system\Database\MySQLi\Connection.php(306): mysqli->query('select u.userna...', 0)
#1 C:\Users\Mauricio Hernández\OneDrive\Escritorio\TBD\blog02\system\Database\BaseConnection.php(692): CodeIgniter\Database\MySQLi\Connection->execute('select u.userna...')
#2 C:\Users\Mauricio Hernández\OneDrive\Escritorio\TBD\blog02\system\Database\BaseConnection.php(606): CodeIgniter\Database\BaseConnection->simpleQuery('select u.userna...')
#3 C:\Users\Mauricio Hernández\OneDrive\Escritorio\TBD\blog02\app\Controllers\PostController.php(72): CodeIgniter\Database\BaseConnection->query('select u.userna...')
#4 C:\Users\Mauricio Hernández\OneDrive\Escritorio\TBD\blog02\system\CodeIgniter.php(919): App\Controllers\PostController->ejercicio04()
#5 C:\Users\Mauricio Hernández\OneDrive\Escritorio\TBD\blog02\system\CodeIgniter.php(494): CodeIgniter\CodeIgniter->runController(Object(App\Controllers\PostController))
#6 C:\Users\Mauricio Hernández\OneDrive\Escritorio\TBD\blog02\system\CodeIgniter.php(353): CodeIgniter\CodeIgniter->handleRequest(NULL, Object(Config\Cache), false)
#7 C:\Users\Mauricio Hernández\OneDrive\Escritorio\TBD\blog02\public\index.php(79): CodeIgniter\CodeIgniter->run()
#8 C:\Users\Mauricio Hernández\OneDrive\Escritorio\TBD\blog02\system\Commands\Server\rewrite.php(47): require_once('C:\\Users\\Mauric...')
#9 {main}
CRITICAL - 2023-10-09 01:34:58 --> Unknown column 'u.username' in 'field list'
in SYSTEMPATH\Database\BaseConnection.php on line 646.
 1 APPPATH\Controllers\PostController.php(72): CodeIgniter\Database\BaseConnection->query('select u.username, concat(ui.name, " ", ui.lastname), ui.phone, ui.gender from posts as p
right join users as c on p.autor=c.id
left join userinfo as ui on u.id=ui.id
where p.created_at between "2022/01/01" and "2022/12/31"')
 2 SYSTEMPATH\CodeIgniter.php(919): App\Controllers\PostController->ejercicio04()
 3 SYSTEMPATH\CodeIgniter.php(494): CodeIgniter\CodeIgniter->runController(Object(App\Controllers\PostController))
 4 SYSTEMPATH\CodeIgniter.php(353): CodeIgniter\CodeIgniter->handleRequest(null, Object(Config\Cache), false)
 5 FCPATH\index.php(79): CodeIgniter\CodeIgniter->run()
 6 SYSTEMPATH\Commands\Server\rewrite.php(47): require_once('C:\\Users\\Mauricio Hernández\\OneDrive\\Escritorio\\TBD\\blog02\\public\\index.php')
CRITICAL - 2023-10-09 01:36:28 --> Undefined variable $posts
in APPPATH\Controllers\PostController.php on line 79.
 1 APPPATH\Controllers\PostController.php(79): CodeIgniter\Debug\Exceptions->errorHandler(2, 'Undefined variable $posts', 'C:\\Users\\Mauricio Hernández\\OneDrive\\Escritorio\\TBD\\blog02\\app\\Controllers\\PostController.php', 79)
 2 SYSTEMPATH\CodeIgniter.php(919): App\Controllers\PostController->ejercicio04()
 3 SYSTEMPATH\CodeIgniter.php(494): CodeIgniter\CodeIgniter->runController(Object(App\Controllers\PostController))
 4 SYSTEMPATH\CodeIgniter.php(353): CodeIgniter\CodeIgniter->handleRequest(null, Object(Config\Cache), false)
 5 FCPATH\index.php(79): CodeIgniter\CodeIgniter->run()
 6 SYSTEMPATH\Commands\Server\rewrite.php(47): require_once('C:\\Users\\Mauricio Hernández\\OneDrive\\Escritorio\\TBD\\blog02\\public\\index.php')
CRITICAL - 2023-10-09 01:36:47 --> Undefined variable $posts
in APPPATH\Views\posts\ejercicio04.php on line 19.
 1 APPPATH\Views\posts\ejercicio04.php(19): CodeIgniter\Debug\Exceptions->errorHandler(2, 'Undefined variable $posts', 'C:\\Users\\Mauricio Hernández\\OneDrive\\Escritorio\\TBD\\blog02\\app\\Views\\posts\\ejercicio04.php', 19)
 2 SYSTEMPATH\View\View.php(226): include('C:\\Users\\Mauricio Hernández\\OneDrive\\Escritorio\\TBD\\blog02\\app\\Views\\posts\\ejercicio04.php')
 3 SYSTEMPATH\View\View.php(229): CodeIgniter\View\View->CodeIgniter\View\{closure}()
 4 SYSTEMPATH\Common.php(1188): CodeIgniter\View\View->render('posts/ejercicio04', [], true)
 5 APPPATH\Controllers\PostController.php(82): view('posts/ejercicio04', [...])
 6 SYSTEMPATH\CodeIgniter.php(919): App\Controllers\PostController->ejercicio04()
 7 SYSTEMPATH\CodeIgniter.php(494): CodeIgniter\CodeIgniter->runController(Object(App\Controllers\PostController))
 8 SYSTEMPATH\CodeIgniter.php(353): CodeIgniter\CodeIgniter->handleRequest(null, Object(Config\Cache), false)
 9 FCPATH\index.php(79): CodeIgniter\CodeIgniter->run()
10 SYSTEMPATH\Commands\Server\rewrite.php(47): require_once('C:\\Users\\Mauricio Hernández\\OneDrive\\Escritorio\\TBD\\blog02\\public\\index.php')
CRITICAL - 2023-10-09 01:37:30 --> Undefined array key "id"
in APPPATH\Views\posts\ejercicio04.php on line 21.
 1 APPPATH\Views\posts\ejercicio04.php(21): CodeIgniter\Debug\Exceptions->errorHandler(2, 'Undefined array key "id"', 'C:\\Users\\Mauricio Hernández\\OneDrive\\Escritorio\\TBD\\blog02\\app\\Views\\posts\\ejercicio04.php', 21)
 2 SYSTEMPATH\View\View.php(226): include('C:\\Users\\Mauricio Hernández\\OneDrive\\Escritorio\\TBD\\blog02\\app\\Views\\posts\\ejercicio04.php')
 3 SYSTEMPATH\View\View.php(229): CodeIgniter\View\View->CodeIgniter\View\{closure}()
 4 SYSTEMPATH\Common.php(1188): CodeIgniter\View\View->render('posts/ejercicio04', [], true)
 5 APPPATH\Controllers\PostController.php(82): view('posts/ejercicio04', [...])
 6 SYSTEMPATH\CodeIgniter.php(919): App\Controllers\PostController->ejercicio04()
 7 SYSTEMPATH\CodeIgniter.php(494): CodeIgniter\CodeIgniter->runController(Object(App\Controllers\PostController))
 8 SYSTEMPATH\CodeIgniter.php(353): CodeIgniter\CodeIgniter->handleRequest(null, Object(Config\Cache), false)
 9 FCPATH\index.php(79): CodeIgniter\CodeIgniter->run()
10 SYSTEMPATH\Commands\Server\rewrite.php(47): require_once('C:\\Users\\Mauricio Hernández\\OneDrive\\Escritorio\\TBD\\blog02\\public\\index.php')
CRITICAL - 2023-10-09 01:39:16 --> Undefined array key "created_at"
in APPPATH\Views\posts\ejercicio04.php on line 27.
 1 APPPATH\Views\posts\ejercicio04.php(27): CodeIgniter\Debug\Exceptions->errorHandler(2, 'Undefined array key "created_at"', 'C:\\Users\\Mauricio Hernández\\OneDrive\\Escritorio\\TBD\\blog02\\app\\Views\\posts\\ejercicio04.php', 27)
 2 SYSTEMPATH\View\View.php(226): include('C:\\Users\\Mauricio Hernández\\OneDrive\\Escritorio\\TBD\\blog02\\app\\Views\\posts\\ejercicio04.php')
 3 SYSTEMPATH\View\View.php(229): CodeIgniter\View\View->CodeIgniter\View\{closure}()
 4 SYSTEMPATH\Common.php(1188): CodeIgniter\View\View->render('posts/ejercicio04', [], true)
 5 APPPATH\Controllers\PostController.php(82): view('posts/ejercicio04', [...])
 6 SYSTEMPATH\CodeIgniter.php(919): App\Controllers\PostController->ejercicio04()
 7 SYSTEMPATH\CodeIgniter.php(494): CodeIgniter\CodeIgniter->runController(Object(App\Controllers\PostController))
 8 SYSTEMPATH\CodeIgniter.php(353): CodeIgniter\CodeIgniter->handleRequest(null, Object(Config\Cache), false)
 9 FCPATH\index.php(79): CodeIgniter\CodeIgniter->run()
10 SYSTEMPATH\Commands\Server\rewrite.php(47): require_once('C:\\Users\\Mauricio Hernández\\OneDrive\\Escritorio\\TBD\\blog02\\public\\index.php')
ERROR - 2023-10-09 16:08:28 --> mysqli_sql_exception: You have an error in your SQL syntax; check the manual that corresponds to your MariaDB server version for the right syntax to use near 'GROUP BY ui.id' at line 7 in C:\Users\Mauricio Hernández\OneDrive\Escritorio\TBD\blog02\system\Database\MySQLi\Connection.php:306
Stack trace:
#0 C:\Users\Mauricio Hernández\OneDrive\Escritorio\TBD\blog02\system\Database\MySQLi\Connection.php(306): mysqli->query('SELECT p.id AS ...', 0)
#1 C:\Users\Mauricio Hernández\OneDrive\Escritorio\TBD\blog02\system\Database\BaseConnection.php(692): CodeIgniter\Database\MySQLi\Connection->execute('SELECT p.id AS ...')
#2 C:\Users\Mauricio Hernández\OneDrive\Escritorio\TBD\blog02\system\Database\BaseConnection.php(606): CodeIgniter\Database\BaseConnection->simpleQuery('SELECT p.id AS ...')
#3 C:\Users\Mauricio Hernández\OneDrive\Escritorio\TBD\blog02\app\Controllers\PostController.php(90): CodeIgniter\Database\BaseConnection->query('SELECT p.id AS ...')
#4 C:\Users\Mauricio Hernández\OneDrive\Escritorio\TBD\blog02\system\CodeIgniter.php(919): App\Controllers\PostController->ejercicio10()
#5 C:\Users\Mauricio Hernández\OneDrive\Escritorio\TBD\blog02\system\CodeIgniter.php(494): CodeIgniter\CodeIgniter->runController(Object(App\Controllers\PostController))
#6 C:\Users\Mauricio Hernández\OneDrive\Escritorio\TBD\blog02\system\CodeIgniter.php(353): CodeIgniter\CodeIgniter->handleRequest(NULL, Object(Config\Cache), false)
#7 C:\Users\Mauricio Hernández\OneDrive\Escritorio\TBD\blog02\public\index.php(79): CodeIgniter\CodeIgniter->run()
#8 C:\Users\Mauricio Hernández\OneDrive\Escritorio\TBD\blog02\system\Commands\Server\rewrite.php(47): require_once('C:\\Users\\Mauric...')
#9 {main}
CRITICAL - 2023-10-09 16:08:29 --> You have an error in your SQL syntax; check the manual that corresponds to your MariaDB server version for the right syntax to use near 'GROUP BY ui.id' at line 7
in SYSTEMPATH\Database\BaseConnection.php on line 646.
 1 APPPATH\Controllers\PostController.php(90): CodeIgniter\Database\BaseConnection->query('SELECT p.id AS \'ID del Post\', p.title AS \'Título del Post\', u.username AS \'Nombre de Usuario\', ui.name AS \'Nombre\', ui.lastname AS \'Apellido\'
        FROM posts AS p
        JOIN users AS u ON p.autor = u.id
        JOIN userinfo AS ui ON u.id = ui.id
        WHERE ui.gender = \'female\' AND TIMESTAMPDIFF(YEAR, ui.birthdate, NOW()) < 30
        ORDER BY p.created_at DESC
        GROUP BY ui.id')
 2 SYSTEMPATH\CodeIgniter.php(919): App\Controllers\PostController->ejercicio10()
 3 SYSTEMPATH\CodeIgniter.php(494): CodeIgniter\CodeIgniter->runController(Object(App\Controllers\PostController))
 4 SYSTEMPATH\CodeIgniter.php(353): CodeIgniter\CodeIgniter->handleRequest(null, Object(Config\Cache), false)
 5 FCPATH\index.php(79): CodeIgniter\CodeIgniter->run()
 6 SYSTEMPATH\Commands\Server\rewrite.php(47): require_once('C:\\Users\\Mauricio Hernández\\OneDrive\\Escritorio\\TBD\\blog02\\public\\index.php')
ERROR - 2023-10-09 16:09:02 --> mysqli_sql_exception: You have an error in your SQL syntax; check the manual that corresponds to your MariaDB server version for the right syntax to use near 'GROUP BY ui.id' at line 7 in C:\Users\Mauricio Hernández\OneDrive\Escritorio\TBD\blog02\system\Database\MySQLi\Connection.php:306
Stack trace:
#0 C:\Users\Mauricio Hernández\OneDrive\Escritorio\TBD\blog02\system\Database\MySQLi\Connection.php(306): mysqli->query('SELECT p.id AS ...', 0)
#1 C:\Users\Mauricio Hernández\OneDrive\Escritorio\TBD\blog02\system\Database\BaseConnection.php(692): CodeIgniter\Database\MySQLi\Connection->execute('SELECT p.id AS ...')
#2 C:\Users\Mauricio Hernández\OneDrive\Escritorio\TBD\blog02\system\Database\BaseConnection.php(606): CodeIgniter\Database\BaseConnection->simpleQuery('SELECT p.id AS ...')
#3 C:\Users\Mauricio Hernández\OneDrive\Escritorio\TBD\blog02\app\Controllers\PostController.php(90): CodeIgniter\Database\BaseConnection->query('SELECT p.id AS ...')
#4 C:\Users\Mauricio Hernández\OneDrive\Escritorio\TBD\blog02\system\CodeIgniter.php(919): App\Controllers\PostController->ejercicio10()
#5 C:\Users\Mauricio Hernández\OneDrive\Escritorio\TBD\blog02\system\CodeIgniter.php(494): CodeIgniter\CodeIgniter->runController(Object(App\Controllers\PostController))
#6 C:\Users\Mauricio Hernández\OneDrive\Escritorio\TBD\blog02\system\CodeIgniter.php(353): CodeIgniter\CodeIgniter->handleRequest(NULL, Object(Config\Cache), false)
#7 C:\Users\Mauricio Hernández\OneDrive\Escritorio\TBD\blog02\public\index.php(79): CodeIgniter\CodeIgniter->run()
#8 C:\Users\Mauricio Hernández\OneDrive\Escritorio\TBD\blog02\system\Commands\Server\rewrite.php(47): require_once('C:\\Users\\Mauric...')
#9 {main}
CRITICAL - 2023-10-09 16:09:02 --> You have an error in your SQL syntax; check the manual that corresponds to your MariaDB server version for the right syntax to use near 'GROUP BY ui.id' at line 7
in SYSTEMPATH\Database\BaseConnection.php on line 646.
 1 APPPATH\Controllers\PostController.php(90): CodeIgniter\Database\BaseConnection->query('SELECT p.id AS \'ID del Post\', p.title AS \'Título del Post\', u.username AS \'Nombre de Usuario\', ui.name AS \'Nombre\', ui.lastname AS \'Apellido\'
        FROM posts AS p
        JOIN users AS u ON p.autor = u.id
        JOIN userinfo AS ui ON u.id = ui.id
        WHERE ui.gender = \'F\' AND TIMESTAMPDIFF(YEAR, ui.birthdate, NOW()) < 30
        ORDER BY p.created_at DESC
        GROUP BY ui.id')
 2 SYSTEMPATH\CodeIgniter.php(919): App\Controllers\PostController->ejercicio10()
 3 SYSTEMPATH\CodeIgniter.php(494): CodeIgniter\CodeIgniter->runController(Object(App\Controllers\PostController))
 4 SYSTEMPATH\CodeIgniter.php(353): CodeIgniter\CodeIgniter->handleRequest(null, Object(Config\Cache), false)
 5 FCPATH\index.php(79): CodeIgniter\CodeIgniter->run()
 6 SYSTEMPATH\Commands\Server\rewrite.php(47): require_once('C:\\Users\\Mauricio Hernández\\OneDrive\\Escritorio\\TBD\\blog02\\public\\index.php')
ERROR - 2023-10-09 16:10:47 --> mysqli_sql_exception: You have an error in your SQL syntax; check the manual that corresponds to your MariaDB server version for the right syntax to use near 'GROUP BY ui.id' at line 7 in C:\Users\Mauricio Hernández\OneDrive\Escritorio\TBD\blog02\system\Database\MySQLi\Connection.php:306
Stack trace:
#0 C:\Users\Mauricio Hernández\OneDrive\Escritorio\TBD\blog02\system\Database\MySQLi\Connection.php(306): mysqli->query('SELECT p.id AS ...', 0)
#1 C:\Users\Mauricio Hernández\OneDrive\Escritorio\TBD\blog02\system\Database\BaseConnection.php(692): CodeIgniter\Database\MySQLi\Connection->execute('SELECT p.id AS ...')
#2 C:\Users\Mauricio Hernández\OneDrive\Escritorio\TBD\blog02\system\Database\BaseConnection.php(606): CodeIgniter\Database\BaseConnection->simpleQuery('SELECT p.id AS ...')
#3 C:\Users\Mauricio Hernández\OneDrive\Escritorio\TBD\blog02\app\Controllers\PostController.php(90): CodeIgniter\Database\BaseConnection->query('SELECT p.id AS ...')
#4 C:\Users\Mauricio Hernández\OneDrive\Escritorio\TBD\blog02\system\CodeIgniter.php(919): App\Controllers\PostController->ejercicio10()
#5 C:\Users\Mauricio Hernández\OneDrive\Escritorio\TBD\blog02\system\CodeIgniter.php(494): CodeIgniter\CodeIgniter->runController(Object(App\Controllers\PostController))
#6 C:\Users\Mauricio Hernández\OneDrive\Escritorio\TBD\blog02\system\CodeIgniter.php(353): CodeIgniter\CodeIgniter->handleRequest(NULL, Object(Config\Cache), false)
#7 C:\Users\Mauricio Hernández\OneDrive\Escritorio\TBD\blog02\public\index.php(79): CodeIgniter\CodeIgniter->run()
#8 C:\Users\Mauricio Hernández\OneDrive\Escritorio\TBD\blog02\system\Commands\Server\rewrite.php(47): require_once('C:\\Users\\Mauric...')
#9 {main}
CRITICAL - 2023-10-09 16:10:47 --> You have an error in your SQL syntax; check the manual that corresponds to your MariaDB server version for the right syntax to use near 'GROUP BY ui.id' at line 7
in SYSTEMPATH\Database\BaseConnection.php on line 646.
 1 APPPATH\Controllers\PostController.php(90): CodeIgniter\Database\BaseConnection->query('SELECT p.id AS \'ID del Post\', p.title AS \'Título del Post\', u.username AS \'Nombre de Usuario\', ui.name AS \'Nombre\', ui.lastname AS \'Apellido\'
        FROM posts AS p
        JOIN users AS u ON p.autor = u.id
        JOIN userinfo AS ui ON u.id = ui.id
        WHERE ui.gender = \'F\' AND TIMESTAMPDIFF(YEAR, ui.birthdate, NOW()) < 30
        ORDER BY p.created_at DESC
        GROUP BY ui.id')
 2 SYSTEMPATH\CodeIgniter.php(919): App\Controllers\PostController->ejercicio10()
 3 SYSTEMPATH\CodeIgniter.php(494): CodeIgniter\CodeIgniter->runController(Object(App\Controllers\PostController))
 4 SYSTEMPATH\CodeIgniter.php(353): CodeIgniter\CodeIgniter->handleRequest(null, Object(Config\Cache), false)
 5 FCPATH\index.php(79): CodeIgniter\CodeIgniter->run()
 6 SYSTEMPATH\Commands\Server\rewrite.php(47): require_once('C:\\Users\\Mauricio Hernández\\OneDrive\\Escritorio\\TBD\\blog02\\public\\index.php')
ERROR - 2023-10-09 16:12:09 --> mysqli_sql_exception: Unknown column 'ui.birthdate' in 'where clause' in C:\Users\Mauricio Hernández\OneDrive\Escritorio\TBD\blog02\system\Database\MySQLi\Connection.php:306
Stack trace:
#0 C:\Users\Mauricio Hernández\OneDrive\Escritorio\TBD\blog02\system\Database\MySQLi\Connection.php(306): mysqli->query('SELECT p.id AS ...', 0)
#1 C:\Users\Mauricio Hernández\OneDrive\Escritorio\TBD\blog02\system\Database\BaseConnection.php(692): CodeIgniter\Database\MySQLi\Connection->execute('SELECT p.id AS ...')
#2 C:\Users\Mauricio Hernández\OneDrive\Escritorio\TBD\blog02\system\Database\BaseConnection.php(606): CodeIgniter\Database\BaseConnection->simpleQuery('SELECT p.id AS ...')
#3 C:\Users\Mauricio Hernández\OneDrive\Escritorio\TBD\blog02\app\Controllers\PostController.php(90): CodeIgniter\Database\BaseConnection->query('SELECT p.id AS ...')
#4 C:\Users\Mauricio Hernández\OneDrive\Escritorio\TBD\blog02\system\CodeIgniter.php(919): App\Controllers\PostController->ejercicio10()
#5 C:\Users\Mauricio Hernández\OneDrive\Escritorio\TBD\blog02\system\CodeIgniter.php(494): CodeIgniter\CodeIgniter->runController(Object(App\Controllers\PostController))
#6 C:\Users\Mauricio Hernández\OneDrive\Escritorio\TBD\blog02\system\CodeIgniter.php(353): CodeIgniter\CodeIgniter->handleRequest(NULL, Object(Config\Cache), false)
#7 C:\Users\Mauricio Hernández\OneDrive\Escritorio\TBD\blog02\public\index.php(79): CodeIgniter\CodeIgniter->run()
#8 C:\Users\Mauricio Hernández\OneDrive\Escritorio\TBD\blog02\system\Commands\Server\rewrite.php(47): require_once('C:\\Users\\Mauric...')
#9 {main}
CRITICAL - 2023-10-09 16:12:09 --> Unknown column 'ui.birthdate' in 'where clause'
in SYSTEMPATH\Database\BaseConnection.php on line 646.
 1 APPPATH\Controllers\PostController.php(90): CodeIgniter\Database\BaseConnection->query('SELECT p.id AS \'ID del Post\', p.title AS \'Título del Post\', u.username AS \'Nombre de Usuario\', ui.name AS \'Nombre\', ui.lastname AS \'Apellido\'
        FROM posts AS p
        JOIN users AS u ON p.autor = u.id
        JOIN userinfo AS ui ON u.id = ui.id
        WHERE ui.gender = \'F\' AND TIMESTAMPDIFF(YEAR, ui.birthdate, NOW()) < 30
        ORDER BY p.created_at DESC')
 2 SYSTEMPATH\CodeIgniter.php(919): App\Controllers\PostController->ejercicio10()
 3 SYSTEMPATH\CodeIgniter.php(494): CodeIgniter\CodeIgniter->runController(Object(App\Controllers\PostController))
 4 SYSTEMPATH\CodeIgniter.php(353): CodeIgniter\CodeIgniter->handleRequest(null, Object(Config\Cache), false)
 5 FCPATH\index.php(79): CodeIgniter\CodeIgniter->run()
 6 SYSTEMPATH\Commands\Server\rewrite.php(47): require_once('C:\\Users\\Mauricio Hernández\\OneDrive\\Escritorio\\TBD\\blog02\\public\\index.php')
