CRITICAL - 2023-10-18 02:14:54 --> Invalid file: "post/dump.php"
in SYSTEMPATH\Exceptions\FrameworkException.php on line 39.
 1 SYSTEMPATH\View\View.php(214): CodeIgniter\Exceptions\FrameworkException::forInvalidFile('post/dump.php')
 2 SYSTEMPATH\Common.php(1188): CodeIgniter\View\View->render('post/dump', [], true)
 3 APPPATH\Controllers\PostController.php(113): view('post/dump')
 4 SYSTEMPATH\CodeIgniter.php(919): App\Controllers\PostController->btn()
 5 SYSTEMPATH\CodeIgniter.php(494): CodeIgniter\CodeIgniter->runController(Object(App\Controllers\PostController))
 6 SYSTEMPATH\CodeIgniter.php(353): CodeIgniter\CodeIgniter->handleRequest(null, Object(Config\Cache), false)
 7 FCPATH\index.php(79): CodeIgniter\CodeIgniter->run()
 8 SYSTEMPATH\Commands\Server\rewrite.php(47): require_once('C:\\Users\\mcarl\\OneDrive\\Escritorio\\TBD\\blog02\\public\\index.php')
CRITICAL - 2023-10-18 02:15:14 --> Invalid file: "post/dump.php"
in SYSTEMPATH\Exceptions\FrameworkException.php on line 39.
 1 SYSTEMPATH\View\View.php(214): CodeIgniter\Exceptions\FrameworkException::forInvalidFile('post/dump.php')
 2 SYSTEMPATH\Common.php(1188): CodeIgniter\View\View->render('post/dump', [], true)
 3 APPPATH\Controllers\PostController.php(113): view('post/dump')
 4 SYSTEMPATH\CodeIgniter.php(919): App\Controllers\PostController->btn()
 5 SYSTEMPATH\CodeIgniter.php(494): CodeIgniter\CodeIgniter->runController(Object(App\Controllers\PostController))
 6 SYSTEMPATH\CodeIgniter.php(353): CodeIgniter\CodeIgniter->handleRequest(null, Object(Config\Cache), false)
 7 FCPATH\index.php(79): CodeIgniter\CodeIgniter->run()
 8 SYSTEMPATH\Commands\Server\rewrite.php(47): require_once('C:\\Users\\mcarl\\OneDrive\\Escritorio\\TBD\\blog02\\public\\index.php')
CRITICAL - 2023-10-18 02:21:40 --> Unclosed '{' on line 6
in APPPATH\Controllers\PostController.php on line 133.
 1 SYSTEMPATH\Autoloader\Autoloader.php(285): CodeIgniter\Autoloader\Autoloader->includeFile('C:\\Users\\mcarl\\OneDrive\\Escritorio\\TBD\\blog02\\app\\Controllers\\PostController.php')
 2 SYSTEMPATH\Autoloader\Autoloader.php(263): CodeIgniter\Autoloader\Autoloader->loadInNamespace('App\\Controllers\\PostController')
 3 [internal function]: CodeIgniter\Autoloader\Autoloader->loadClass('App\\Controllers\\PostController')
 4 SYSTEMPATH\CodeIgniter.php(877): class_exists('\\App\\Controllers\\PostController', true)
 5 SYSTEMPATH\CodeIgniter.php(481): CodeIgniter\CodeIgniter->startController()
 6 SYSTEMPATH\CodeIgniter.php(353): CodeIgniter\CodeIgniter->handleRequest(null, Object(Config\Cache), false)
 7 FCPATH\index.php(79): CodeIgniter\CodeIgniter->run()
 8 SYSTEMPATH\Commands\Server\rewrite.php(47): require_once('C:\\Users\\mcarl\\OneDrive\\Escritorio\\TBD\\blog02\\public\\index.php')
CRITICAL - 2023-10-18 02:28:34 --> Trying to access array offset on value of type null
in APPPATH\Controllers\PostController.php on line 134.
 1 APPPATH\Controllers\PostController.php(134): CodeIgniter\Debug\Exceptions->errorHandler(2, 'Trying to access array offset on value of type null', 'C:\\Users\\mcarl\\OneDrive\\Escritorio\\TBD\\blog02\\app\\Controllers\\PostController.php', 134)
 2 SYSTEMPATH\CodeIgniter.php(919): App\Controllers\PostController->dump()
 3 SYSTEMPATH\CodeIgniter.php(494): CodeIgniter\CodeIgniter->runController(Object(App\Controllers\PostController))
 4 SYSTEMPATH\CodeIgniter.php(353): CodeIgniter\CodeIgniter->handleRequest(null, Object(Config\Cache), false)
 5 FCPATH\index.php(79): CodeIgniter\CodeIgniter->run()
 6 SYSTEMPATH\Commands\Server\rewrite.php(47): require_once('C:\\Users\\mcarl\\OneDrive\\Escritorio\\TBD\\blog02\\public\\index.php')
CRITICAL - 2023-10-18 02:50:26 --> Call to a member function deleteFileAfterSend() on null
in APPPATH\Controllers\PostController.php on line 134.
 1 SYSTEMPATH\CodeIgniter.php(919): App\Controllers\PostController->dump()
 2 SYSTEMPATH\CodeIgniter.php(494): CodeIgniter\CodeIgniter->runController(Object(App\Controllers\PostController))
 3 SYSTEMPATH\CodeIgniter.php(353): CodeIgniter\CodeIgniter->handleRequest(null, Object(Config\Cache), false)
 4 FCPATH\index.php(79): CodeIgniter\CodeIgniter->run()
 5 SYSTEMPATH\Commands\Server\rewrite.php(47): require_once('C:\\Users\\mcarl\\OneDrive\\Escritorio\\TBD\\blog02\\public\\index.php')
